[debug] [2026-03-19T07:40:41.414Z] ----------------------------------------------------------------------
[debug] [2026-03-19T07:40:41.416Z] Command:       C:\Program Files\nodejs\node.exe C:\Users\user\AppData\Roaming\npm\node_modules\firebase-tools\lib\bin\firebase.js init
[debug] [2026-03-19T07:40:41.416Z] CLI Version:   15.11.0
[debug] [2026-03-19T07:40:41.417Z] Platform:      win32
[debug] [2026-03-19T07:40:41.417Z] Node Version:  v24.14.0
[debug] [2026-03-19T07:40:41.417Z] Time:          Thu Mar 19 2026 15:40:41 GMT+0800 (台北標準時間)
[debug] [2026-03-19T07:40:41.417Z] ----------------------------------------------------------------------
[debug] 
[info] 
     ######## #### ########  ######## ########     ###     ######  ########
     ##        ##  ##     ## ##       ##     ##  ##   ##  ##       ##
     ######    ##  ########  ######   ########  #########  ######  ######
     ##        ##  ##    ##  ##       ##     ## ##     ##       ## ##
     ##       #### ##     ## ######## ########  ##     ##  ######  ########

You're about to initialize a Firebase project in this directory:

  D:\knit

[debug] [2026-03-19T07:43:44.105Z] ExitPromptError: User force closed the prompt with SIGINT
    at Interface.sigint (C:\Users\user\AppData\Roaming\npm\node_modules\firebase-tools\node_modules\@inquirer\core\dist\commonjs\lib\create-prompt.js:101:37)
    at Interface.emit (node:events:508:28)
    at [_ttyWrite] [as _ttyWrite] (node:internal/readline/interface:1327:18)
    at ReadStream.onkeypress (node:internal/readline/interface:284:20)
    at ReadStream.emit (node:events:520:35)
    at emitKeys (node:internal/readline/utils:371:14)
    at emitKeys.next (<anonymous>)
    at ReadStream.onData (node:internal/readline/emitKeypressEvents:64:36)
    at ReadStream.emit (node:events:508:28)
    at addChunk (node:internal/streams/readable:563:12)
[error] 
[error] Error: An unexpected error has occurred.
[debug] [2026-03-19T07:44:43.360Z] ----------------------------------------------------------------------
[debug] [2026-03-19T07:44:43.362Z] Command:       C:\Program Files\nodejs\node.exe C:\Users\user\AppData\Roaming\npm\node_modules\firebase-tools\lib\bin\firebase.js init
[debug] [2026-03-19T07:44:43.362Z] CLI Version:   15.11.0
[debug] [2026-03-19T07:44:43.362Z] Platform:      win32
[debug] [2026-03-19T07:44:43.362Z] Node Version:  v24.14.0
[debug] [2026-03-19T07:44:43.362Z] Time:          Thu Mar 19 2026 15:44:43 GMT+0800 (台北標準時間)
[debug] [2026-03-19T07:44:43.362Z] ----------------------------------------------------------------------
[debug] 
[info] 
     ######## #### ########  ######## ########     ###     ######  ########
     ##        ##  ##     ## ##       ##     ##  ##   ##  ##       ##
     ######    ##  ########  ######   ########  #########  ######  ######
     ##        ##  ##    ##  ##       ##     ## ##     ##       ## ##
     ##       #### ##     ## ######## ########  ##     ##  ######  ########

You're about to initialize a Firebase project in this directory:

  D:\knit

[info] 
=== Project Setup
[info] 
[info] First, let's associate this project directory with a Firebase project.
[info] You can create multiple project aliases by running firebase use --add, 
[info] 
[debug] [2026-03-19T07:45:28.962Z] > command requires scopes: ["email","openid","https://www.googleapis.com/auth/cloudplatformprojects.readonly","https://www.googleapis.com/auth/firebase","https://www.googleapis.com/auth/cloud-platform"]
[debug] [2026-03-19T07:45:28.962Z] > authorizing via signed-in user (jaclyn960214@gmail.com)
[debug] [2026-03-19T07:45:28.963Z] Checked if tokens are valid: true, expires at: 1773909558545
[debug] [2026-03-19T07:45:28.963Z] Checked if tokens are valid: true, expires at: 1773909558545
[debug] [2026-03-19T07:45:28.964Z] >>> [apiv2][query] GET https://firebase.googleapis.com/v1beta1/projects pageSize=100
[debug] [2026-03-19T07:45:29.557Z] <<< [apiv2][status] GET https://firebase.googleapis.com/v1beta1/projects 200
[debug] [2026-03-19T07:45:29.558Z] <<< [apiv2][body] GET https://firebase.googleapis.com/v1beta1/projects [omitted]
[info] 
=== Hosting Setup
[debug] [2026-03-19T07:45:40.634Z] Checked if tokens are valid: true, expires at: 1773909558545
[debug] [2026-03-19T07:45:40.634Z] Checked if tokens are valid: true, expires at: 1773909558545
[debug] [2026-03-19T07:45:40.634Z] >>> [apiv2][query] GET https://firebase.googleapis.com/v1beta1/projects/knit-4546d [none]
[debug] [2026-03-19T07:45:40.928Z] <<< [apiv2][status] GET https://firebase.googleapis.com/v1beta1/projects/knit-4546d 200
[debug] [2026-03-19T07:45:40.928Z] <<< [apiv2][body] GET https://firebase.googleapis.com/v1beta1/projects/knit-4546d {"projectId":"knit-4546d","projectNumber":"1049860871790","displayName":"knit","name":"projects/knit-4546d","resources":{"hostingSite":"knit-4546d"},"state":"ACTIVE","etag":"1_6b984eb8-6d9e-455e-a243-27eb82e5e27d"}
[info] 
[info] Your public directory is the folder (relative to your project directory) that
[info] will contain Hosting assets to be uploaded with firebase deploy. If you
[info] have a build process for your assets, use your build's output directory.
[info] 
[info] 
[info] i  Didn't detect a .git folder. Assuming D:\knit is the project root. 
[info] i  Authorizing with GitHub to upload your service account to a GitHub repository's secrets store. 
[info] 
[info] Visit this URL on this device to log in:
[info] https://github.com/login/oauth/authorize?client_id=89cf50f02ac6aaed3484&state=143266704&redirect_uri=http%3A%2F%2Flocalhost%3A9005&scope=read%3Auser%20repo%20public_repo
[info] 
[info] Waiting for authentication...
[debug] [2026-03-19T07:48:03.501Z] >>> [apiv2][query] POST https://github.com/login/oauth/access_token [none]
[debug] [2026-03-19T07:48:03.501Z] >>> [apiv2][body] POST https://github.com/login/oauth/access_token [stream]
[debug] [2026-03-19T07:48:04.567Z] <<< [apiv2][status] POST https://github.com/login/oauth/access_token 200
[debug] [2026-03-19T07:48:04.567Z] <<< [apiv2][body] POST https://github.com/login/oauth/access_token {"access_token":"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","token_type":"bearer","scope":"read:user,repo"}
[debug] [2026-03-19T07:48:04.569Z] >>> [apiv2][query] GET https://api.github.com/user [none]
[debug] [2026-03-19T07:48:04.982Z] <<< [apiv2][status] GET https://api.github.com/user 200
[debug] [2026-03-19T07:48:04.982Z] <<< [apiv2][body] GET https://api.github.com/user {"login":"jaclyn214444","id":89368868,"node_id":"MDQ6VXNlcjg5MzY4ODY4","avatar_url":"https://avatars.githubusercontent.com/u/89368868?v=4","gravatar_id":"","url":"https://api.github.com/users/jaclyn214444","html_url":"https://github.com/jaclyn214444","followers_url":"https://api.github.com/users/jaclyn214444/followers","following_url":"https://api.github.com/users/jaclyn214444/following{/other_user}","gists_url":"https://api.github.com/users/jaclyn214444/gists{/gist_id}","starred_url":"https://api.github.com/users/jaclyn214444/starred{/owner}{/repo}","subscriptions_url":"https://api.github.com/users/jaclyn214444/subscriptions","organizations_url":"https://api.github.com/users/jaclyn214444/orgs","repos_url":"https://api.github.com/users/jaclyn214444/repos","events_url":"https://api.github.com/users/jaclyn214444/events{/privacy}","received_events_url":"https://api.github.com/users/jaclyn214444/received_events","type":"User","user_view_type":"private","site_admin":false,"name":null,"company":null,"blog":"","location":null,"email":null,"hireable":null,"bio":null,"twitter_username":null,"notification_email":null,"public_repos":1,"public_gists":0,"followers":0,"following":0,"created_at":"2021-08-23T02:44:25Z","updated_at":"2021-08-23T02:44:25Z","private_gists":0,"total_private_repos":0,"owned_private_repos":0,"disk_usage":0,"collaborators":0,"two_factor_authentication":false,"plan":{"name":"free","space":976562499,"collaborators":0,"private_repos":10000}}
[info] 
[info] +  Success! Logged into GitHub as jaclyn214444 
[info] 
[debug] [2026-03-19T07:49:46.722Z] >>> [apiv2][query] GET https://api.github.com/repos/user/repository/actions/secrets/public-key type=owner
[debug] [2026-03-19T07:49:47.070Z] <<< [apiv2][status] GET https://api.github.com/repos/user/repository/actions/secrets/public-key 404
[debug] [2026-03-19T07:49:47.070Z] <<< [apiv2][body] GET https://api.github.com/repos/user/repository/actions/secrets/public-key {"message":"Not Found","documentation_url":"https://docs.github.com/rest/actions/secrets#get-a-repository-public-key","status":"404"}
[info] 
[info] 
[error] !  The provided authorization cannot be used with this repository. If this repository is in an organization, did you remember to grant access? 
[info] 
[info] i  Action required: Visit this URL to ensure access has been granted to the appropriate organization(s) for the Firebase CLI GitHub OAuth App: 
[info] https://github.com/settings/connections/applications/89cf50f02ac6aaed3484
[info] 
[debug] [2026-03-19T08:08:36.309Z] ----------------------------------------------------------------------
[debug] [2026-03-19T08:08:36.311Z] Command:       C:\Program Files\nodejs\node.exe C:\Users\user\AppData\Roaming\npm\node_modules\firebase-tools\lib\bin\firebase.js init
[debug] [2026-03-19T08:08:36.311Z] CLI Version:   15.11.0
[debug] [2026-03-19T08:08:36.311Z] Platform:      win32
[debug] [2026-03-19T08:08:36.311Z] Node Version:  v24.14.0
[debug] [2026-03-19T08:08:36.311Z] Time:          Thu Mar 19 2026 16:08:36 GMT+0800 (台北標準時間)
[debug] [2026-03-19T08:08:36.311Z] ----------------------------------------------------------------------
[debug] 
[info] 
     ######## #### ########  ######## ########     ###     ######  ########
     ##        ##  ##     ## ##       ##     ##  ##   ##  ##       ##
     ######    ##  ########  ######   ########  #########  ######  ######
     ##        ##  ##    ##  ##       ##     ## ##     ##       ## ##
     ##       #### ##     ## ######## ########  ##     ##  ######  ########

You're about to initialize a Firebase project in this directory:

  D:\knit

[info] 
=== Project Setup
[info] 
[info] First, let's associate this project directory with a Firebase project.
[info] You can create multiple project aliases by running firebase use --add, 
[info] 
[debug] [2026-03-19T08:08:51.840Z] > command requires scopes: ["email","openid","https://www.googleapis.com/auth/cloudplatformprojects.readonly","https://www.googleapis.com/auth/firebase","https://www.googleapis.com/auth/cloud-platform"]
[debug] [2026-03-19T08:08:51.840Z] > authorizing via signed-in user (jaclyn960214@gmail.com)
[debug] [2026-03-19T08:08:51.841Z] Checked if tokens are valid: true, expires at: 1773909558545
[debug] [2026-03-19T08:08:51.841Z] Checked if tokens are valid: true, expires at: 1773909558545
[debug] [2026-03-19T08:08:51.842Z] >>> [apiv2][query] GET https://firebase.googleapis.com/v1beta1/projects/knit-4546d [none]
[debug] [2026-03-19T08:08:52.185Z] <<< [apiv2][status] GET https://firebase.googleapis.com/v1beta1/projects/knit-4546d 200
[debug] [2026-03-19T08:08:52.185Z] <<< [apiv2][body] GET https://firebase.googleapis.com/v1beta1/projects/knit-4546d {"projectId":"knit-4546d","projectNumber":"1049860871790","displayName":"knit","name":"projects/knit-4546d","resources":{"hostingSite":"knit-4546d"},"state":"ACTIVE","etag":"1_6b984eb8-6d9e-455e-a243-27eb82e5e27d"}
[info] i  Using project knit-4546d (knit) . 
[info] 
=== Hosting Setup
[debug] [2026-03-19T08:09:02.068Z] Checked if tokens are valid: true, expires at: 1773909558545
[debug] [2026-03-19T08:09:02.069Z] Checked if tokens are valid: true, expires at: 1773909558545
[debug] [2026-03-19T08:09:02.069Z] >>> [apiv2][query] GET https://firebase.googleapis.com/v1beta1/projects/knit-4546d [none]
[debug] [2026-03-19T08:09:02.367Z] <<< [apiv2][status] GET https://firebase.googleapis.com/v1beta1/projects/knit-4546d 200
[debug] [2026-03-19T08:09:02.368Z] <<< [apiv2][body] GET https://firebase.googleapis.com/v1beta1/projects/knit-4546d {"projectId":"knit-4546d","projectNumber":"1049860871790","displayName":"knit","name":"projects/knit-4546d","resources":{"hostingSite":"knit-4546d"},"state":"ACTIVE","etag":"1_6b984eb8-6d9e-455e-a243-27eb82e5e27d"}
[info] 
[info] Your public directory is the folder (relative to your project directory) that
[info] will contain Hosting assets to be uploaded with firebase deploy. If you
[info] have a build process for your assets, use your build's output directory.
[info] 
[info] 
[info] i  Didn't detect a .git folder. Assuming D:\knit is the project root. 
[info] i  Authorizing with GitHub to upload your service account to a GitHub repository's secrets store. 
[info] 
[info] Visit this URL on this device to log in:
[info] https://github.com/login/oauth/authorize?client_id=89cf50f02ac6aaed3484&state=819387430&redirect_uri=http%3A%2F%2Flocalhost%3A9005&scope=read%3Auser%20repo%20public_repo
[info] 
[info] Waiting for authentication...
[debug] [2026-03-19T08:10:01.081Z] >>> [apiv2][query] POST https://github.com/login/oauth/access_token [none]
[debug] [2026-03-19T08:10:01.081Z] >>> [apiv2][body] POST https://github.com/login/oauth/access_token [stream]
[debug] [2026-03-19T08:10:02.088Z] <<< [apiv2][status] POST https://github.com/login/oauth/access_token 200
[debug] [2026-03-19T08:10:02.088Z] <<< [apiv2][body] POST https://github.com/login/oauth/access_token {"access_token":"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","token_type":"bearer","scope":"read:user,repo"}
[debug] [2026-03-19T08:10:02.090Z] >>> [apiv2][query] GET https://api.github.com/user [none]
[debug] [2026-03-19T08:10:02.508Z] <<< [apiv2][status] GET https://api.github.com/user 200
[debug] [2026-03-19T08:10:02.508Z] <<< [apiv2][body] GET https://api.github.com/user {"login":"jaclyn214444","id":89368868,"node_id":"MDQ6VXNlcjg5MzY4ODY4","avatar_url":"https://avatars.githubusercontent.com/u/89368868?v=4","gravatar_id":"","url":"https://api.github.com/users/jaclyn214444","html_url":"https://github.com/jaclyn214444","followers_url":"https://api.github.com/users/jaclyn214444/followers","following_url":"https://api.github.com/users/jaclyn214444/following{/other_user}","gists_url":"https://api.github.com/users/jaclyn214444/gists{/gist_id}","starred_url":"https://api.github.com/users/jaclyn214444/starred{/owner}{/repo}","subscriptions_url":"https://api.github.com/users/jaclyn214444/subscriptions","organizations_url":"https://api.github.com/users/jaclyn214444/orgs","repos_url":"https://api.github.com/users/jaclyn214444/repos","events_url":"https://api.github.com/users/jaclyn214444/events{/privacy}","received_events_url":"https://api.github.com/users/jaclyn214444/received_events","type":"User","user_view_type":"private","site_admin":false,"name":null,"company":null,"blog":"","location":null,"email":null,"hireable":null,"bio":null,"twitter_username":null,"notification_email":null,"public_repos":1,"public_gists":0,"followers":0,"following":0,"created_at":"2021-08-23T02:44:25Z","updated_at":"2021-08-23T02:44:25Z","private_gists":0,"total_private_repos":0,"owned_private_repos":0,"disk_usage":0,"collaborators":0,"two_factor_authentication":false,"plan":{"name":"free","space":976562499,"collaborators":0,"private_repos":10000}}
[info] 
[info] +  Success! Logged into GitHub as jaclyn214444 
[info] 
[debug] [2026-03-19T08:10:35.697Z] >>> [apiv2][query] GET https://api.github.com/repos/repository/actions/secrets/public-key type=owner
[debug] [2026-03-19T08:10:35.975Z] <<< [apiv2][status] GET https://api.github.com/repos/repository/actions/secrets/public-key 404
[debug] [2026-03-19T08:10:35.976Z] <<< [apiv2][body] GET https://api.github.com/repos/repository/actions/secrets/public-key {"message":"Not Found","documentation_url":"https://docs.github.com/rest","status":"404"}
[info] 
[info] 
[error] !  The provided authorization cannot be used with this repository. If this repository is in an organization, did you remember to grant access? 
[info] 
[info] i  Action required: Visit this URL to ensure access has been granted to the appropriate organization(s) for the Firebase CLI GitHub OAuth App: 
[info] https://github.com/settings/connections/applications/89cf50f02ac6aaed3484
[info] 
